[31;40mSIGNATURE: 53616c7465645f5f2af2e2b4cd456a3e67146f447bcf037a0ca35081c931d7d7b285d622d1b49f20cb0e0ac91e4774d4
[0m[31;40mtest/kshell/kshell.c:98 kshell_add_command(): Added help command
[0m[31;40mtest/kshell/kshell.c:98 kshell_add_command(): Added echo command
[0m[31;40mtest/kshell/kshell.c:98 kshell_add_command(): Added cat command
[0m[31;40mtest/kshell/kshell.c:98 kshell_add_command(): Added ls command
[0m[31;40mtest/kshell/kshell.c:98 kshell_add_command(): Added cd command
[0m[31;40mtest/kshell/kshell.c:98 kshell_add_command(): Added rm command
[0m[31;40mtest/kshell/kshell.c:98 kshell_add_command(): Added link command
[0m[31;40mtest/kshell/kshell.c:98 kshell_add_command(): Added rmdir command
[0m[31;40mtest/kshell/kshell.c:98 kshell_add_command(): Added mkdir command
[0m[31;40mtest/kshell/kshell.c:98 kshell_add_command(): Added stat command
[0m[31;40mtest/kshell/kshell.c:98 kshell_add_command(): Added exit command
[0m[0mmain/kmain.c:192 idleproc_run(): (GRADING2B)
[0m[31;40mtest/kshell/kshell.c:98 kshell_add_command(): Added sunghan command
[0m[31;40mtest/kshell/kshell.c:98 kshell_add_command(): Added deadlock command
[0m[31;40mtest/kshell/kshell.c:98 kshell_add_command(): Added faber command
[0m[31;40mtest/kshell/kshell.c:98 kshell_add_command(): Added vfstest command
[0m[31;40mtest/kshell/kshell.c:98 kshell_add_command(): Added thrtest command
[0m[31;40mtest/kshell/kshell.c:98 kshell_add_command(): Added dirtest command
[0m[0mmain/kmain.c:272 initproc_run(): (GRADING2B)
[0mweenix: vfs shutdown...
[0mfs/s5fs/s5fs.c:1133 s5fs_check_refcounts(): Checking refcounts of s5fs filesystem on block device with major 1, minor 0
[0m[0mfs/s5fs/s5fs.c:1154 s5fs_check_refcounts(): Refcount check of s5fs filesystem on block device with major 1, minor 0 completed successfully.
[0m
weenix: halted cleanly!
